Using pre-set license
Built from '2020.3/staging' branch; Version is '2020.3.11f1 (99c7afb366b3) revision 10078127'; Using compiler version '192528614'; Build Type 'Release'
OS: 'Windows 10 Home Single Language; OS build 18363.1556; Version 1909; 64bit' Language: 'en' Physical Memory: 3962 MB
BatchMode: 1, IsHumanControllingUs: 0, StartBugReporterOnCrash: 0, Is64bit: 1, IsPro: 0

 COMMAND LINE ARGUMENTS:
C:\Program Files\Unity\Hub\Editor\2020.3.11f1\Editor\Unity.exe
-adb2
-batchMode
-noUpm
-name
AssetImportWorker4
-projectPath
C:/Users/Ngeti Mdindi/OneDrive/Desktop/Op Rah
-logFile
Logs/AssetImportWorker4.log
-srvPort
49797
Successfully changed project path to: C:/Users/Ngeti Mdindi/OneDrive/Desktop/Op Rah
C:/Users/Ngeti Mdindi/OneDrive/Desktop/Op Rah
Using Asset Import Pipeline V2.
Refreshing native plugins compatible for Editor in 55.59 ms, found 2 plugins.
Preloading 0 native plugins for Editor in 0.00 ms.
Initialize engine version: 2020.3.11f1 (99c7afb366b3)
[Subsystems] Discovering subsystems at path C:/Program Files/Unity/Hub/Editor/2020.3.11f1/Editor/Data/Resources/UnitySubsystems
[Subsystems] Discovering subsystems at path C:/Users/Ngeti Mdindi/OneDrive/Desktop/Op Rah/Assets
GfxDevice: creating device client; threaded=0
Direct3D:
    Version:  Direct3D 11.0 [level 11.1]
    Renderer: Intel(R) UHD Graphics 620 (ID=0x5917)
    Vendor:   
    VRAM:     1981 MB
    Driver:   23.20.16.4973
Initialize mono
Mono path[0] = 'C:/Program Files/Unity/Hub/Editor/2020.3.11f1/Editor/Data/Managed'
Mono path[1] = 'C:/Program Files/Unity/Hub/Editor/2020.3.11f1/Editor/Data/MonoBleedingEdge/lib/mono/unityjit'
Mono config path = 'C:/Program Files/Unity/Hub/Editor/2020.3.11f1/Editor/Data/MonoBleedingEdge/etc'
Using monoOptions --debugger-agent=transport=dt_socket,embedding=1,server=y,suspend=n,address=127.0.0.1:56012
Begin MonoManager ReloadAssembly
Registering precompiled unity dll's ...
Register platform support module: C:/Program Files/Unity/Hub/Editor/2020.3.11f1/Editor/Data/PlaybackEngines/WindowsStandaloneSupport/UnityEditor.WindowsStandalone.Extensions.dll
Registered in 0.002191 seconds.
Native extension for WindowsStandalone target not found
Refreshing native plugins compatible for Editor in 48.42 ms, found 2 plugins.
Preloading 0 native plugins for Editor in 0.00 ms.
Mono: successfully reloaded assembly
- Completed reload, in  1.241 seconds
Platform modules already initialized, skipping
Registering precompiled user dll's ...
Registered in 0.004997 seconds.
Begin MonoManager ReloadAssembly
Native extension for WindowsStandalone target not found
Refreshing native plugins compatible for Editor in 0.57 ms, found 2 plugins.
Preloading 0 native plugins for Editor in 0.00 ms.
Mono: successfully reloaded assembly
- Completed reload, in  4.321 seconds
Platform modules already initialized, skipping
========================================================================
Worker process is ready to serve import requests
Launched and connected shader compiler UnityShaderCompiler.exe after 0.55 seconds
Refreshing native plugins compatible for Editor in 0.60 ms, found 2 plugins.
Preloading 0 native plugins for Editor in 0.00 ms.
Unloading 1549 Unused Serialized files (Serialized files now loaded: 0)
System memory in use before: 122.4 MB.
System memory in use after: 122.5 MB.

Unloading 19 unused Assets to reduce memory usage. Loaded Objects now: 2010.
Total: 53.838300 ms (FindLiveObjects: 0.226300 ms CreateObjectMapping: 0.061200 ms MarkObjects: 53.323100 ms  DeleteObjects: 0.224900 ms)

========================================================================
Received Import Request.
  path: Assets/Music
  artifactKey: Guid(eddb1526e9bb8614d95389fd492cf2e9) Importer(815301076,1909f56bfc062723c751e8b465ee728b)
Start importing Assets/Music using Guid(eddb1526e9bb8614d95389fd492cf2e9) Importer(815301076,1909f56bfc062723c751e8b465ee728b)  -> (artifact id: 'e0bf4d03ad5a3316855172ba0379368a') in 0.043786 seconds
  Import took 0.059926 seconds .

========================================================================
Received Import Request.
  Time since last request: 0.000326 seconds.
  path: Assets/New Terrain.asset
  artifactKey: Guid(1f0caedfd43a8c041b800fe88042ae1d) Importer(815301076,1909f56bfc062723c751e8b465ee728b)
Start importing Assets/New Terrain.asset using Guid(1f0caedfd43a8c041b800fe88042ae1d) Importer(815301076,1909f56bfc062723c751e8b465ee728b)  -> (artifact id: '05eeea1d54a19cfbc05867ea216e9b80') in 0.927505 seconds
  Import took 0.969832 seconds .

========================================================================
Received Import Request.
  Time since last request: 13.945288 seconds.
  path: Assets/Music/cyber-trap.mp3
  artifactKey: Guid(410ca48116d61a14493e03d3f26f443b) Importer(815301076,1909f56bfc062723c751e8b465ee728b)
Start importing Assets/Music/cyber-trap.mp3 using Guid(410ca48116d61a14493e03d3f26f443b) Importer(815301076,1909f56bfc062723c751e8b465ee728b)  -> (artifact id: 'cd1f64db48c692b6147799208dcf1f9a') in 0.547882 seconds
  Import took 0.579592 seconds .

========================================================================
Received Import Request.
  Time since last request: 0.000302 seconds.
  path: Assets/Music/energy-cyberpunk.mp3
  artifactKey: Guid(0a3a5a66c1d80e846b65e53eeb3dab63) Importer(815301076,1909f56bfc062723c751e8b465ee728b)
Start importing Assets/Music/energy-cyberpunk.mp3 using Guid(0a3a5a66c1d80e846b65e53eeb3dab63) Importer(815301076,1909f56bfc062723c751e8b465ee728b)  -> (artifact id: '882f81205b7820dd1c46afac124c4a64') in 0.068399 seconds
  Import took 0.083736 seconds .

========================================================================
Received Import Request.
  Time since last request: 0.000484 seconds.
  path: Assets/Music/electro-aggressive-sport.mp3
  artifactKey: Guid(9764e7a5b5d97234c95f3ce5d07f0382) Importer(815301076,1909f56bfc062723c751e8b465ee728b)
Start importing Assets/Music/electro-aggressive-sport.mp3 using Guid(9764e7a5b5d97234c95f3ce5d07f0382) Importer(815301076,1909f56bfc062723c751e8b465ee728b)  -> (artifact id: '909c2140c5cc68e1549e7ed7634e53f4') in 0.064239 seconds
  Import took 0.068988 seconds .

========================================================================
Received Import Request.
  Time since last request: 0.000345 seconds.
  path: Assets/Music/hybrid-trailer.mp3
  artifactKey: Guid(5de87df2a4a858d4daa4b1c36762b98a) Importer(815301076,1909f56bfc062723c751e8b465ee728b)
Start importing Assets/Music/hybrid-trailer.mp3 using Guid(5de87df2a4a858d4daa4b1c36762b98a) Importer(815301076,1909f56bfc062723c751e8b465ee728b)  -> (artifact id: 'f8092e0390e214c7a074801f828bffa0') in 0.098536 seconds
  Import took 0.112502 seconds .

========================================================================
Received Prepare
Registering precompiled user dll's ...
Registered in 0.204284 seconds.
Begin MonoManager ReloadAssembly
Native extension for WindowsStandalone target not found
Refreshing native plugins compatible for Editor in 0.51 ms, found 2 plugins.
Preloading 0 native plugins for Editor in 0.00 ms.
Mono: successfully reloaded assembly
- Completed reload, in  3.616 seconds
Platform modules already initialized, skipping
Refreshing native plugins compatible for Editor in 0.66 ms, found 2 plugins.
Preloading 0 native plugins for Editor in 0.00 ms.
Unloading 1458 Unused Serialized files (Serialized files now loaded: 0)
System memory in use before: 117.1 MB.
System memory in use after: 117.2 MB.

Unloading 14 unused Assets to reduce memory usage. Loaded Objects now: 2023.
Total: 34.618600 ms (FindLiveObjects: 0.241700 ms CreateObjectMapping: 0.078800 ms MarkObjects: 34.075100 ms  DeleteObjects: 0.220800 ms)

========================================================================
Received Import Request.
  Time since last request: 805.781335 seconds.
  path: Assets/Music/Alesso - I Wanna Know (Official Instrumental).mp3
  artifactKey: Guid(79ded1982c834794681a87594537a58b) Importer(815301076,1909f56bfc062723c751e8b465ee728b)
Start importing Assets/Music/Alesso - I Wanna Know (Official Instrumental).mp3 using Guid(79ded1982c834794681a87594537a58b) Importer(815301076,1909f56bfc062723c751e8b465ee728b)  -> (artifact id: '20cdbc7a0e83cffeee12b6cbc7b951d4') in 0.397038 seconds
  Import took 0.451389 seconds .

========================================================================
Received Import Request.
  Time since last request: 0.000382 seconds.
  path: Assets/Music/Rihanna ft. Calvin Harris - This Is What You Came For Instrumental (No Vocals).mp3
  artifactKey: Guid(51b2fa4287bf80b4db0d800f79c16ad9) Importer(815301076,1909f56bfc062723c751e8b465ee728b)
Start importing Assets/Music/Rihanna ft. Calvin Harris - This Is What You Came For Instrumental (No Vocals).mp3 using Guid(51b2fa4287bf80b4db0d800f79c16ad9) Importer(815301076,1909f56bfc062723c751e8b465ee728b)  -> (artifact id: 'd1bac92b32f3d941ee7365bffab56173') in 0.079648 seconds
  Import took 0.107375 seconds .

========================================================================
Received Import Request.
  Time since last request: 0.000422 seconds.
  path: Assets/Music/Chris Brown - Don t Be Gone Too Long ft. Ariana Grande (Official Instrumental).mp3
  artifactKey: Guid(00bb41a847a0d5a4c9c2d2cca7bac0a9) Importer(815301076,1909f56bfc062723c751e8b465ee728b)
Start importing Assets/Music/Chris Brown - Don t Be Gone Too Long ft. Ariana Grande (Official Instrumental).mp3 using Guid(00bb41a847a0d5a4c9c2d2cca7bac0a9) Importer(815301076,1909f56bfc062723c751e8b465ee728b)  -> (artifact id: 'c76e59daa85ef0a3b1d5617831902d1b') in 0.094577 seconds
  Import took 0.116165 seconds .

========================================================================
Received Prepare
Registering precompiled user dll's ...
Registered in 0.005507 seconds.
Begin MonoManager ReloadAssembly
Native extension for WindowsStandalone target not found
Refreshing native plugins compatible for Editor in 0.73 ms, found 2 plugins.
Preloading 0 native plugins for Editor in 0.00 ms.
Mono: successfully reloaded assembly
- Completed reload, in  1.517 seconds
Platform modules already initialized, skipping
Refreshing native plugins compatible for Editor in 0.45 ms, found 2 plugins.
Preloading 0 native plugins for Editor in 0.00 ms.
Unloading 1458 Unused Serialized files (Serialized files now loaded: 0)
System memory in use before: 117.1 MB.
System memory in use after: 117.2 MB.

Unloading 14 unused Assets to reduce memory usage. Loaded Objects now: 2027.
Total: 2.226000 ms (FindLiveObjects: 0.207700 ms CreateObjectMapping: 0.050600 ms MarkObjects: 1.882800 ms  DeleteObjects: 0.083700 ms)

========================================================================
Received Prepare
Registering precompiled user dll's ...
Registered in 0.278848 seconds.
Begin MonoManager ReloadAssembly
Native extension for WindowsStandalone target not found
Refreshing native plugins compatible for Editor in 0.61 ms, found 2 plugins.
Preloading 0 native plugins for Editor in 0.00 ms.
Mono: successfully reloaded assembly
- Completed reload, in  1.211 seconds
Platform modules already initialized, skipping
Refreshing native plugins compatible for Editor in 0.67 ms, found 2 plugins.
Preloading 0 native plugins for Editor in 0.00 ms.
Unloading 1458 Unused Serialized files (Serialized files now loaded: 0)
System memory in use before: 117.1 MB.
System memory in use after: 117.2 MB.

Unloading 14 unused Assets to reduce memory usage. Loaded Objects now: 2030.
Total: 3.089900 ms (FindLiveObjects: 0.309600 ms CreateObjectMapping: 0.086500 ms MarkObjects: 2.538000 ms  DeleteObjects: 0.153100 ms)

========================================================================
Received Prepare
Registering precompiled user dll's ...
Registered in 1.579383 seconds.
Begin MonoManager ReloadAssembly
Native extension for WindowsStandalone target not found
Refreshing native plugins compatible for Editor in 0.63 ms, found 2 plugins.
Preloading 0 native plugins for Editor in 0.00 ms.
Mono: successfully reloaded assembly
- Completed reload, in  2.516 seconds
Platform modules already initialized, skipping
Refreshing native plugins compatible for Editor in 0.83 ms, found 2 plugins.
Preloading 0 native plugins for Editor in 0.00 ms.
Unloading 1458 Unused Serialized files (Serialized files now loaded: 0)
System memory in use before: 117.1 MB.
System memory in use after: 117.2 MB.

Unloading 14 unused Assets to reduce memory usage. Loaded Objects now: 2033.
Total: 29.744700 ms (FindLiveObjects: 0.280600 ms CreateObjectMapping: 0.106000 ms MarkObjects: 29.207300 ms  DeleteObjects: 0.148200 ms)

